****************************************
Report : timing
	-path_type full
	-delay_type max
	-max_paths 1
	-sort_by slack
Design : top
Version: S-2021.06-SP4
Date   : Mon Dec  9 15:29:41 2024
****************************************


  Startpoint: ctl_u/count_reg[3]
               (rising edge-triggered flip-flop clocked by ideal_clock1)
  Endpoint: comp_u/motionX_reg[2]
               (rising edge-triggered flip-flop clocked by ideal_clock1)
  Path Group: ideal_clock1
  Path Type: max

  Point                                                   Incr       Path
  ------------------------------------------------------------------------------
  clock ideal_clock1 (rise edge)                          0.00       0.00
  clock network delay (ideal)                             0.00       0.00
  ctl_u/count_reg[3]/CK (SAEDLVT14_FDPMQ_1)               0.00       0.00 r
  ctl_u/count_reg[3]/Q (SAEDLVT14_FDPMQ_1)                0.01       0.01 f
  ctl_u/U76/X (SAEDHVT14_BUF_U_0P5)                       0.03       0.04 f
  ctl_u/U48/X (SAEDSLVT14_INV_1)                          0.02       0.06 r
  ctl_u/U26/X (SAEDSLVT14_ND2_CDC_0P5)                    0.03 H     0.09 f
  ctl_u/U13/X (SAEDSLVT14_INV_1)                          0.01 &     0.10 r
  ctl_u/U38/X (SAEDSLVT14_ND2_CDC_0P5)                    0.02 &     0.12 f
  ctl_u/U14/X (SAEDSLVT14_INV_1)                          0.01 &     0.12 r
  ctl_u/U36/X (SAEDSLVT14_AN3_0P75)                       0.02 &     0.14 r
  ctl_u/U35/X (SAEDSLVT14_AN2_MM_1)                       0.01 H     0.15 r
  comp_u/U20/X (SAEDSLVT14_NR2_MM_1)                      0.02 H     0.17 f
  comp_u/U126/X (SAEDSLVT14_ND2B_U_0P5)                   0.02 &     0.19 r
  comp_u/U108/X (SAEDSLVT14_AO21B_0P5)                    0.01 &     0.20 f
  comp_u/U134/X (SAEDSLVT14_AO221_0P5)                    0.01 &     0.21 f
  comp_u/U138/X (SAEDHVT14_OAI21_0P5)                     0.01 &     0.23 r
  comp_u/U100/X (SAEDSLVT14_AO21B_0P5)                    0.01 &     0.24 f
  comp_u/U129/X (SAEDSLVT14_AO221_0P5)                    0.01 &     0.25 f
  comp_u/U98/X (SAEDSLVT14_OA21B_1)                       0.01 &     0.26 f
  comp_u/U123/X (SAEDSLVT14_AO221_0P5)                    0.01 &     0.27 f
  comp_u/U141/X (SAEDHVT14_ND2B_U_0P5)                    0.01 &     0.29 f
  comp_u/U142/X (SAEDHVT14_OA21B_1)                       0.01 &     0.30 f
  comp_u/U143/X (SAEDHVT14_AO221_0P5)                     0.01 &     0.31 f
  comp_u/U29/X (SAEDSLVT14_OA221_U_0P5)                   0.01 &     0.32 f
  comp_u/U27/X (SAEDSLVT14_AO221_0P5)                     0.01 &     0.33 f
  comp_u/U32/X (SAEDSLVT14_OA221_U_0P5)                   0.01 &     0.34 f
  comp_u/U30/X (SAEDSLVT14_AO221_0P5)                     0.01 &     0.35 f
  comp_u/U139/X (SAEDSLVT14_OAI21_0P5)                    0.00 &     0.35 r
  comp_u/U137/X (SAEDSLVT14_AO21B_0P5)                    0.00 &     0.36 f
  comp_u/U144/X (SAEDHVT14_OAI21_0P5)                     0.01 &     0.37 r
  comp_u/U120/X (SAEDSLVT14_OAI311_1)                     0.02 H     0.39 f
  comp_u/U25/X (SAEDHVT14_BUF_U_0P5)                      0.03       0.42 f
  comp_u/U6/X (SAEDSLVT14_AO22_1)                         0.03 H     0.45 f
  comp_u/motionX_reg[2]/D (SAEDRVT14_FDP_V2_1)            0.00 &     0.45 f
  data arrival time                                                  0.45

  clock ideal_clock1 (rise edge)                          0.90       0.90
  clock network delay (ideal)                             0.00       0.90
  clock reconvergence pessimism                           0.00       0.90
  comp_u/motionX_reg[2]/CK (SAEDRVT14_FDP_V2_1)                      0.90 r
  library setup time                                     -0.01       0.89
  data required time                                                 0.89
  ------------------------------------------------------------------------------
  data required time                                                 0.89
  data arrival time                                                 -0.45
  ------------------------------------------------------------------------------
  slack (MET)                                                        0.45


1
