 
****************************************
Report : timing
        -path full
        -delay max
        -max_paths 1
Design : top
Version: O-2018.06-SP4
Date   : Mon Dec  9 13:50:41 2024
****************************************

Operating Conditions: ff0p88v125c   Library: saed14hvt_ff0p88v125c
Wire Load Model Mode: top

  Startpoint: ctl_u/count_reg[3]
              (rising edge-triggered flip-flop clocked by ideal_clock1)
  Endpoint: comp_u/motionX_reg[0]
            (rising edge-triggered flip-flop clocked by ideal_clock1)
  Path Group: ideal_clock1
  Path Type: max

  Des/Clust/Port     Wire Load Model       Library
  ------------------------------------------------
  top                8000                  saed14hvt_ff0p88v125c

  Point                                                   Incr       Path
  --------------------------------------------------------------------------
  clock ideal_clock1 (rise edge)                          0.00       0.00
  clock network delay (ideal)                             0.00       0.00
  ctl_u/count_reg[3]/CK (SAEDLVT14_FDPMQ_1)               0.00       0.00 r
  ctl_u/count_reg[3]/Q (SAEDLVT14_FDPMQ_1)                0.01       0.01 f
  ctl_u/U76/X (SAEDHVT14_BUF_U_0P5)                       0.03       0.04 f
  ctl_u/U48/X (SAEDSLVT14_INV_1)                          0.02       0.07 r
  ctl_u/U26/X (SAEDSLVT14_ND2_CDC_0P5)                    0.02       0.09 f
  ctl_u/U13/X (SAEDSLVT14_INV_1)                          0.02       0.11 r
  ctl_u/U38/X (SAEDSLVT14_ND2_CDC_0P5)                    0.02       0.13 f
  ctl_u/U14/X (SAEDSLVT14_INV_1)                          0.02       0.15 r
  ctl_u/U33/X (SAEDSLVT14_ND2_CDC_0P5)                    0.02       0.18 f
  ctl_u/U51/X (SAEDSLVT14_NR2_MM_1)                       0.03       0.20 r
  ctl_u/U56/X (SAEDSLVT14_AN2_MM_1)                       0.02       0.23 r
  ctl_u/PEready[0] (control)                              0.00       0.23 r
  comp_u/PEready[0] (Comparator)                          0.00       0.23 r
  comp_u/U126/X (SAEDSLVT14_ND2B_U_0P5)                   0.02       0.24 r
  comp_u/U108/X (SAEDSLVT14_AO21B_0P5)                    0.01       0.25 f
  comp_u/U134/X (SAEDSLVT14_AO221_0P5)                    0.02       0.27 f
  comp_u/U138/X (SAEDHVT14_OAI21_0P5)                     0.01       0.28 r
  comp_u/U100/X (SAEDSLVT14_AO21B_0P5)                    0.01       0.29 f
  comp_u/U129/X (SAEDSLVT14_AO221_0P5)                    0.02       0.31 f
  comp_u/U98/X (SAEDSLVT14_OA21B_1)                       0.02       0.32 f
  comp_u/U123/X (SAEDSLVT14_AO221_0P5)                    0.02       0.34 f
  comp_u/U141/X (SAEDHVT14_ND2B_U_0P5)                    0.02       0.36 f
  comp_u/U142/X (SAEDHVT14_OA21B_1)                       0.02       0.38 f
  comp_u/U143/X (SAEDHVT14_AO221_0P5)                     0.02       0.39 f
  comp_u/U29/X (SAEDSLVT14_OA221_U_0P5)                   0.02       0.41 f
  comp_u/U27/X (SAEDSLVT14_AO221_0P5)                     0.02       0.43 f
  comp_u/U32/X (SAEDSLVT14_OA221_U_0P5)                   0.01       0.44 f
  comp_u/U30/X (SAEDSLVT14_AO221_0P5)                     0.02       0.46 f
  comp_u/U139/X (SAEDSLVT14_OAI21_0P5)                    0.01       0.46 r
  comp_u/U137/X (SAEDSLVT14_AO21B_0P5)                    0.01       0.47 f
  comp_u/U144/X (SAEDHVT14_OAI21_0P5)                     0.01       0.48 r
  comp_u/U120/X (SAEDSLVT14_OAI311_1)                     0.02       0.51 f
  comp_u/U25/X (SAEDHVT14_BUF_U_0P5)                      0.04       0.54 f
  comp_u/U3/X (SAEDSLVT14_AO22_1)                         0.03       0.57 f
  comp_u/motionX_reg[0]/D (SAEDRVT14_FDP_V2_1)            0.01       0.58 f
  data arrival time                                                  0.58

  clock ideal_clock1 (rise edge)                          0.90       0.90
  clock network delay (ideal)                             0.00       0.90
  comp_u/motionX_reg[0]/CK (SAEDRVT14_FDP_V2_1)           0.00       0.90 r
  library setup time                                     -0.01       0.89
  data required time                                                 0.89
  --------------------------------------------------------------------------
  data required time                                                 0.89
  data arrival time                                                 -0.58
  --------------------------------------------------------------------------
  slack (MET)                                                        0.31


1
